<?xml version="1.0" encoding="UTF-8"?>
<!-- Generated by org.testng.reporters.JUnitReportReporter -->
<testsuite hostname="AishwaryaMatam" failures="0" tests="2" name="packagename.ProjectName.Amazon_TestCase1" time="22.131" errors="0" timestamp="2025-05-04T16:05:27 CDT" skipped="1">
  <testcase classname="packagename.ProjectName.Amazon_TestCase1" name="validCred" time="6.466">
    <system-out>
      <![CDATA[Started Exectuting testcase
HomePage
Username Page
Password Page
Testcase is pass and will take a screenshot]]>
    </system-out>
  </testcase> <!-- validCred -->
  <testcase classname="packagename.ProjectName.Amazon_TestCase1" name="validCred" time="15.665">
    <skipped/>
    <system-out>
      <![CDATA[Started Exectuting testcase
HomePage]]>
    </system-out>
  </testcase> <!-- validCred -->
  <system-out>
    <![CDATA[Started Exectuting testcase
HomePage
Started Exectuting testcase
HomePage
Username Page
Password Page
Testcase is pass and will take a screenshot]]>
  </system-out>
</testsuite> <!-- packagename.ProjectName.Amazon_TestCase1 -->
