<?xml version="1.0" encoding="UTF-8"?>
<!-- Generated by org.testng.reporters.JUnitReportReporter -->
<testsuite hostname="AishwaryaMatam" failures="0" tests="1" name="packagename.ProjectName.Amazon_TestCase9" time="29.664" errors="0" timestamp="2025-04-22T11:10:02 CDT" skipped="0">
  <testcase classname="packagename.ProjectName.Amazon_TestCase9" name="UpadtingCart" time="29.664"/>
</testsuite> <!-- packagename.ProjectName.Amazon_TestCase9 -->
