<?xml version="1.0" encoding="UTF-8"?>
<!-- Generated by org.testng.reporters.JUnitReportReporter -->
<testsuite hostname="AishwaryaMatam" failures="0" tests="1" name="packagename.ProjectName.Amazon_TestCase8" time="12.427" errors="0" timestamp="2025-04-13T22:55:13 CDT" skipped="0">
  <testcase classname="packagename.ProjectName.Amazon_TestCase8" name="Orders" time="12.427"/>
</testsuite> <!-- packagename.ProjectName.Amazon_TestCase8 -->
