<?xml version="1.0" encoding="UTF-8"?>
<!-- Generated by org.testng.reporters.JUnitReportReporter -->
<testsuite hostname="AishwaryaMatam" failures="0" tests="1" name="packagename.ProjectName.Amazon_TestCase11" time="0.004" errors="0" timestamp="2025-04-13T22:33:00 CDT" skipped="0">
  <testcase classname="packagename.ProjectName.Amazon_TestCase11" name="validCred" time="0.004"/>
</testsuite> <!-- packagename.ProjectName.Amazon_TestCase11 -->
