<?xml version="1.0" encoding="UTF-8"?>
<!-- Generated by org.testng.reporters.JUnitReportReporter -->
<testsuite hostname="AishwaryaMatam" failures="0" tests="1" name="packagename.ProjectName.Amazon_TestCase3" time="14.504" errors="0" timestamp="2025-04-16T10:33:26 CDT" skipped="0">
  <testcase classname="packagename.ProjectName.Amazon_TestCase3" name="SearchProduct" time="14.504"/>
</testsuite> <!-- packagename.ProjectName.Amazon_TestCase3 -->
