<?xml version="1.0" encoding="UTF-8"?>
<!-- Generated by org.testng.reporters.JUnitReportReporter -->
<testsuite hostname="AishwaryaMatam" failures="0" tests="1" name="packagename.ProjectName.Amazon_TestCase6" time="31.313" errors="0" timestamp="2025-04-16T10:33:26 CDT" skipped="0">
  <testcase classname="packagename.ProjectName.Amazon_TestCase6" name="AddToCartNoLogin" time="31.313"/>
</testsuite> <!-- packagename.ProjectName.Amazon_TestCase6 -->
